<?xml version="1.0" encoding="UTF-8"?>
<testng-results ignored="0" total="2" passed="2" failed="0" skipped="0">
  <reporter-output>
  </reporter-output>
  <suite started-at="2022-10-18T12:15:07 IST" name="NatwestAutomation Suite" finished-at="2022-10-18T12:16:16 IST" duration-ms="68946">
    <groups>
    </groups>
    <test started-at="2022-10-18T12:15:07 IST" name="Test" finished-at="2022-10-18T12:16:16 IST" duration-ms="68946">
      <class name="com.example.updatePersonalInfo">
        <test-method is-config="true" signature="beforeMethod()[pri:0, instance:com.example.updatePersonalInfo@54bff557]" started-at="2022-10-18T12:15:38 IST" name="beforeMethod" finished-at="2022-10-18T12:15:40 IST" duration-ms="1922" status="PASS">
          <reporter-output>
          </reporter-output>
        </test-method> <!-- beforeMethod -->
        <test-method signature="f()[pri:0, instance:com.example.updatePersonalInfo@54bff557]" started-at="2022-10-18T12:15:40 IST" name="f" finished-at="2022-10-18T12:16:16 IST" duration-ms="35882" status="PASS">
          <reporter-output>
          </reporter-output>
        </test-method> <!-- f -->
        <test-method is-config="true" signature="afterMethod()[pri:0, instance:com.example.updatePersonalInfo@54bff557]" started-at="2022-10-18T12:16:16 IST" name="afterMethod" finished-at="2022-10-18T12:16:16 IST" duration-ms="162" status="PASS">
          <reporter-output>
          </reporter-output>
        </test-method> <!-- afterMethod -->
      </class> <!-- com.example.updatePersonalInfo -->
      <class name="com.example.NavigationTest">
        <test-method is-config="true" signature="beforeMethod()[pri:0, instance:com.example.NavigationTest@4d0f2471]" started-at="2022-10-18T12:15:07 IST" name="beforeMethod" finished-at="2022-10-18T12:15:15 IST" duration-ms="7864" status="PASS">
          <reporter-output>
          </reporter-output>
        </test-method> <!-- beforeMethod -->
        <test-method signature="f()[pri:0, instance:com.example.NavigationTest@4d0f2471]" started-at="2022-10-18T12:15:15 IST" name="f" finished-at="2022-10-18T12:15:35 IST" duration-ms="20084" status="PASS">
          <reporter-output>
          </reporter-output>
        </test-method> <!-- f -->
        <test-method is-config="true" signature="afterMethod()[pri:0, instance:com.example.NavigationTest@4d0f2471]" started-at="2022-10-18T12:15:35 IST" name="afterMethod" finished-at="2022-10-18T12:15:38 IST" duration-ms="2671" status="PASS">
          <reporter-output>
          </reporter-output>
        </test-method> <!-- afterMethod -->
      </class> <!-- com.example.NavigationTest -->
    </test> <!-- Test -->
  </suite> <!-- NatwestAutomation Suite -->
</testng-results>
