<?xml version="1.0" encoding="UTF-8"?>
<testng-results ignored="0" total="2" passed="2" failed="0" skipped="0">
  <reporter-output>
  </reporter-output>
  <suite started-at="2022-10-02T11:33:18 IST" name="Default suite" finished-at="2022-10-02T11:34:14 IST" duration-ms="55829">
    <groups>
    </groups>
    <test started-at="2022-10-02T11:33:18 IST" name="Default test" finished-at="2022-10-02T11:34:14 IST" duration-ms="55829">
      <class name="com.example.updatePersonalInfo">
        <test-method is-config="true" signature="beforeMethod()[pri:0, instance:com.example.updatePersonalInfo@6283d8b8]" started-at="2022-10-02T11:33:18 IST" name="beforeMethod" finished-at="2022-10-02T11:33:21 IST" duration-ms="2834" status="PASS">
          <reporter-output>
          </reporter-output>
        </test-method> <!-- beforeMethod -->
        <test-method signature="f()[pri:0, instance:com.example.updatePersonalInfo@6283d8b8]" started-at="2022-10-02T11:33:21 IST" name="f" finished-at="2022-10-02T11:33:54 IST" duration-ms="33368" status="PASS">
          <reporter-output>
          </reporter-output>
        </test-method> <!-- f -->
        <test-method is-config="true" signature="afterMethod()[pri:0, instance:com.example.updatePersonalInfo@6283d8b8]" started-at="2022-10-02T11:33:54 IST" name="afterMethod" finished-at="2022-10-02T11:33:55 IST" duration-ms="224" status="PASS">
          <reporter-output>
          </reporter-output>
        </test-method> <!-- afterMethod -->
      </class> <!-- com.example.updatePersonalInfo -->
      <class name="com.example.NavigationTest">
        <test-method is-config="true" signature="beforeMethod()[pri:0, instance:com.example.NavigationTest@53ce1329]" started-at="2022-10-02T11:33:55 IST" name="beforeMethod" finished-at="2022-10-02T11:33:56 IST" duration-ms="1573" status="PASS">
          <reporter-output>
          </reporter-output>
        </test-method> <!-- beforeMethod -->
        <test-method signature="f()[pri:0, instance:com.example.NavigationTest@53ce1329]" started-at="2022-10-02T11:33:56 IST" name="f" finished-at="2022-10-02T11:34:14 IST" duration-ms="17498" status="PASS">
          <reporter-output>
          </reporter-output>
        </test-method> <!-- f -->
        <test-method is-config="true" signature="afterMethod()[pri:0, instance:com.example.NavigationTest@53ce1329]" started-at="2022-10-02T11:34:14 IST" name="afterMethod" finished-at="2022-10-02T11:34:14 IST" duration-ms="219" status="PASS">
          <reporter-output>
          </reporter-output>
        </test-method> <!-- afterMethod -->
      </class> <!-- com.example.NavigationTest -->
    </test> <!-- Default test -->
  </suite> <!-- Default suite -->
</testng-results>
